[I 2024-05-20 12:03:22,438] A new study created in memory with name: no-name-1d756860-050f-4510-9326-c62d8a84ee1b
[I 2024-05-20 12:59:11,752] Trial 0 finished with value: 0.8875857155895637 and parameters: {'base_estimator': '51', 'n_estimators': 61, 'sub_sample_size': 0.5760953184158619, 'sub_feature_size': 0.6425981058800744, 'bootstrap': True, 'bootstrap_features': False, 'n_jobs': 1}. Best is trial 0 with value: 0.8875857155895637.
[I 2024-05-20 13:01:53,559] Trial 1 finished with value: 0.9338033060119522 and parameters: {'base_estimator': '19', 'n_estimators': 44, 'sub_sample_size': 0.35360842588960645, 'sub_feature_size': 0.9529572003771984, 'bootstrap': True, 'bootstrap_features': False, 'n_jobs': 1}. Best is trial 1 with value: 0.9338033060119522.
[I 2024-05-20 14:12:22,292] Trial 2 finished with value: 0.9017657431204521 and parameters: {'base_estimator': '32', 'n_estimators': 85, 'sub_sample_size': 0.6972951387155151, 'sub_feature_size': 0.5011505999511654, 'bootstrap': True, 'bootstrap_features': False, 'n_jobs': 1}. Best is trial 1 with value: 0.9338033060119522.
[I 2024-05-20 15:21:01,699] Trial 3 finished with value: 0.8516413350495994 and parameters: {'base_estimator': '11', 'n_estimators': 84, 'sub_sample_size': 0.4882943714893434, 'sub_feature_size': 0.9256835009022738, 'bootstrap': True, 'bootstrap_features': False, 'n_jobs': 1}. Best is trial 1 with value: 0.9338033060119522.
[I 2024-05-20 22:50:28,828] Trial 4 finished with value: 0.9167438694409338 and parameters: {'base_estimator': '70', 'n_estimators': 68, 'sub_sample_size': 0.5819172400527837, 'sub_feature_size': 0.5438715749088703, 'bootstrap': True, 'bootstrap_features': False, 'n_jobs': 1}. Best is trial 1 with value: 0.9338033060119522.
[I 2024-05-20 22:51:20,209] Trial 5 finished with value: -1.0357012686180842 and parameters: {'base_estimator': '76', 'n_estimators': 14, 'sub_sample_size': 0.49829433029367187, 'sub_feature_size': 0.8853041960533989, 'bootstrap': True, 'bootstrap_features': False, 'n_jobs': 1}. Best is trial 1 with value: 0.9338033060119522.
[I 2024-05-21 03:26:46,640] Trial 6 finished with value: 0.8031313139712504 and parameters: {'base_estimator': '37', 'n_estimators': 56, 'sub_sample_size': 0.424614252335806, 'sub_feature_size': 0.8748545357795201, 'bootstrap': True, 'bootstrap_features': False, 'n_jobs': 1}. Best is trial 1 with value: 0.9338033060119522.
[I 2024-05-21 17:10:41,449] Trial 7 finished with value: 0.899225060100997 and parameters: {'base_estimator': '7', 'n_estimators': 59, 'sub_sample_size': 0.5802717740561146, 'sub_feature_size': 0.7273512342412993, 'bootstrap': True, 'bootstrap_features': False, 'n_jobs': 1}. Best is trial 1 with value: 0.9338033060119522.
[I 2024-05-21 19:01:05,160] Trial 8 finished with value: 0.8688835724426334 and parameters: {'base_estimator': '47', 'n_estimators': 95, 'sub_sample_size': 0.4321889316559244, 'sub_feature_size': 0.9359155003555133, 'bootstrap': True, 'bootstrap_features': False, 'n_jobs': 1}. Best is trial 1 with value: 0.9338033060119522.